2023-05-14 19:05:842 INFO  HomePage :32 - Sending Username to user filed : [[ChromeDriver: chrome on WINDOWS (6cd0ba52e23f35d9a92164a7f9132626)] -> xpath: //input[@id='user-name']]
2023-05-14 19:05:965 INFO  HomePage :37 - Sending Password to Password filed : [[ChromeDriver: chrome on WINDOWS (6cd0ba52e23f35d9a92164a7f9132626)] -> xpath: //input[@id='password']]
2023-05-14 19:05:518 INFO  HomePage :32 - Sending Username to user filed : [[ChromeDriver: chrome on WINDOWS (fb62765607d64207daeeeebb53d88a47)] -> xpath: //input[@id='user-name']]
2023-05-14 19:05:760 INFO  HomePage :32 - Sending Username to user filed : [[ChromeDriver: chrome on WINDOWS (1024ef298b0cad91fc68d31ec67d9a4f)] -> xpath: //input[@id='user-name']]
2023-05-14 19:05:825 INFO  HomePage :32 - Sending Username to user filed : [[ChromeDriver: chrome on WINDOWS (cd9ef546cc8c1ecb9d4035b168ee0e1e)] -> xpath: //input[@id='user-name']]
2023-05-14 19:05:856 INFO  HomePage :32 - Sending Username to user field : [[ChromeDriver: chrome on WINDOWS (df75015a2829850134da2db857f5debe)] -> xpath: //input[@id='user-name']]
2023-05-14 19:05:959 INFO  HomePage :37 - Sending Password to Password field : [[ChromeDriver: chrome on WINDOWS (df75015a2829850134da2db857f5debe)] -> xpath: //input[@id='password']]
2023-05-14 19:05:774 INFO  HomePage :32 - Sending Username to user field : [[ChromeDriver: chrome on WINDOWS (c3ded0848ea395e26a1c5cfb0ec1fa01)] -> xpath: //input[@id='user-name']]
2023-05-14 19:05:364 INFO  HomePage :32 - Sending Username to user field : [[ChromeDriver: chrome on WINDOWS (aa3b668724688aa8f88185e5d31293d4)] -> xpath: //input[@id='user-name']]
2023-05-14 19:05:923 INFO  HomePage :32 - Sending Username to user field : [[ChromeDriver: chrome on WINDOWS (786f82f85ba2375f7ecad8e15e098b11)] -> xpath: //input[@id='user-name']]
2023-05-14 19:05:622 INFO  HomePage :32 - Sending Username to user field : [[ChromeDriver: chrome on WINDOWS (df74728ab484ef78df134b4328736164)] -> xpath: //input[@id='user-name']]
2023-05-14 19:05:692 INFO  HomePage :37 - Sending Password to Password field : [[ChromeDriver: chrome on WINDOWS (df74728ab484ef78df134b4328736164)] -> xpath: //input[@id='password']]
2023-05-14 19:05:278 INFO  HomePage :32 - Sending Username to user field : [[ChromeDriver: chrome on WINDOWS (5a4ca7ce9822ae34bac2adae9677a28c)] -> xpath: //input[@id='user-name']]
2023-05-14 19:05:573 INFO  HomePage :32 - Sending Username to user field : [[ChromeDriver: chrome on WINDOWS (780a3a564fd274855673d60bc78cf54b)] -> xpath: //input[@id='user-name']]
2023-05-14 19:05:580 INFO  HomePage :32 - Sending Username to user field : [[ChromeDriver: chrome on WINDOWS (a35122646cbc37aa59c8fa6bd65a724a)] -> xpath: //input[@id='user-name']]
2023-05-14 19:05:973 INFO  HomePage :32 - Sending Username to user field : [[ChromeDriver: chrome on WINDOWS (736d488089c3ac5b2495689bb84b956c)] -> xpath: //input[@id='user-name']]
2023-05-14 19:05:45 INFO  HomePage :37 - Sending Password to Password field : [[ChromeDriver: chrome on WINDOWS (736d488089c3ac5b2495689bb84b956c)] -> xpath: //input[@id='password']]
2023-05-14 19:05:723 INFO  HomePage :32 - Sending Username to user field : [[ChromeDriver: chrome on WINDOWS (8a9dc6aba3232404f9e5f30080dcc09a)] -> xpath: //input[@id='user-name']]
2023-05-14 19:05:252 INFO  HomePage :32 - Sending Username to user field : [[ChromeDriver: chrome on WINDOWS (1aef61e877369cc14b9398bf95336086)] -> xpath: //input[@id='user-name']]
2023-05-14 19:05:254 INFO  HomePage :32 - Sending Username to user field : [[ChromeDriver: chrome on WINDOWS (bc7502f0cbdcb59a4d807f7fce9bfd43)] -> xpath: //input[@id='user-name']]
2023-05-14 20:05:273 INFO  LoginPage :32 - Sending Username to user field : [[ChromeDriver: chrome on WINDOWS (1d916567ce8ba699b9ea2b56e3796c58)] -> xpath: //input[@id='user-name']]
2023-05-14 20:05:395 INFO  LoginPage :37 - Sending Password to Password field : [[ChromeDriver: chrome on WINDOWS (1d916567ce8ba699b9ea2b56e3796c58)] -> xpath: //input[@id='password']]
2023-05-14 20:05:629 INFO  LoginPage :32 - Sending Username to user field : [[ChromeDriver: chrome on WINDOWS (5ec97daf0c0898773d0f3dad67227696)] -> xpath: //input[@id='user-name']]
2023-05-14 20:05:525 INFO  LoginPage :32 - Sending Username to user field : [[ChromeDriver: chrome on WINDOWS (cd5122e0b11f490e71ce7df2b1db9479)] -> xpath: //input[@id='user-name']]
2023-05-14 20:05:175 INFO  LoginPage :32 - Sending Username to user field : [[ChromeDriver: chrome on WINDOWS (f71dc171449c2e3310c33746cd89820b)] -> xpath: //input[@id='user-name']]
2023-05-14 20:05:751 INFO  LoginPage :32 - Sending Username to user field : [[ChromeDriver: chrome on WINDOWS (df8f3e0c6f64b8e50c882640c6a74178)] -> xpath: //input[@id='user-name']]
2023-05-14 20:05:821 INFO  LoginPage :37 - Sending Password to Password field : [[ChromeDriver: chrome on WINDOWS (df8f3e0c6f64b8e50c882640c6a74178)] -> xpath: //input[@id='password']]
2023-05-14 20:05:599 INFO  LoginPage :32 - Sending Username to user field : [[ChromeDriver: chrome on WINDOWS (547e1d671c2f0c6000d1adafb6282f35)] -> xpath: //input[@id='user-name']]
2023-05-14 20:05:443 INFO  LoginPage :32 - Sending Username to user field : [[ChromeDriver: chrome on WINDOWS (c525546419e63155a33ee35f0408ac7d)] -> xpath: //input[@id='user-name']]
2023-05-14 20:05:298 INFO  LoginPage :32 - Sending Username to user field : [[ChromeDriver: chrome on WINDOWS (b8dad6b3c471180bb267b801201158da)] -> xpath: //input[@id='user-name']]
2023-05-14 20:05:973 INFO  LoginPage :34 - Enter Username : [[ChromeDriver: chrome on WINDOWS (9b97b5366b3b7e4dbfff59b3753506d3)] -> id: user-name]
2023-05-14 20:05:218 INFO  LoginPage :40 - Enter password : [[ChromeDriver: chrome on WINDOWS (9b97b5366b3b7e4dbfff59b3753506d3)] -> id: password]
2023-05-14 20:05:450 INFO  LoginPage :46 - Click on login button : [[ChromeDriver: chrome on WINDOWS (9b97b5366b3b7e4dbfff59b3753506d3)] -> id: login-button]
2023-05-14 20:05:751 INFO  LoginPage :53 - Get actual text : [[ChromeDriver: chrome on WINDOWS (9b97b5366b3b7e4dbfff59b3753506d3)] -> xpath: //span[@class='title']]
2023-05-14 20:05:475 INFO  LoginPage :34 - Enter Username : [[ChromeDriver: chrome on WINDOWS (b867e7cf8f21be572cd70f99bf68c0cb)] -> id: user-name]
2023-05-14 20:05:865 INFO  LoginPage :40 - Enter password : [[ChromeDriver: chrome on WINDOWS (b867e7cf8f21be572cd70f99bf68c0cb)] -> id: password]
2023-05-14 20:05:32 INFO  LoginPage :46 - Click on login button : [[ChromeDriver: chrome on WINDOWS (b867e7cf8f21be572cd70f99bf68c0cb)] -> id: login-button]
2023-05-14 20:05:174 INFO  MainPage :22 - Number of products displayed : 
2023-05-14 21:05:969 INFO  LoginPage :34 - Enter Username : [[ChromeDriver: chrome on WINDOWS (5410f7d086ad75dde195eda32ff8293c)] -> id: user-name]
2023-05-14 21:05:118 INFO  LoginPage :40 - Enter password : [[ChromeDriver: chrome on WINDOWS (5410f7d086ad75dde195eda32ff8293c)] -> id: password]
2023-05-14 21:05:258 INFO  LoginPage :46 - Click on login button : [[ChromeDriver: chrome on WINDOWS (5410f7d086ad75dde195eda32ff8293c)] -> id: login-button]
2023-05-14 21:05:440 INFO  LoginPage :53 - Get actual text : [[ChromeDriver: chrome on WINDOWS (5410f7d086ad75dde195eda32ff8293c)] -> xpath: //span[@class='title']]
2023-05-14 21:05:33 INFO  LoginPage :34 - Enter Username : [[ChromeDriver: chrome on WINDOWS (3b4327f4ae6f140d6a0946728be1289a)] -> id: user-name]
2023-05-14 21:05:158 INFO  LoginPage :40 - Enter password : [[ChromeDriver: chrome on WINDOWS (3b4327f4ae6f140d6a0946728be1289a)] -> id: password]
2023-05-14 21:05:248 INFO  LoginPage :46 - Click on login button : [[ChromeDriver: chrome on WINDOWS (3b4327f4ae6f140d6a0946728be1289a)] -> id: login-button]
2023-05-14 21:05:384 INFO  MainPage :22 - Number of products displayed : 
2023-05-14 21:05:503 INFO  LoginPage :34 - Enter Username : [[ChromeDriver: chrome on WINDOWS (60ce92c0fea856f40e5925947ddedc8e)] -> id: user-name]
2023-05-14 21:05:787 INFO  LoginPage :40 - Enter password : [[ChromeDriver: chrome on WINDOWS (60ce92c0fea856f40e5925947ddedc8e)] -> id: password]
2023-05-14 21:05:11 INFO  LoginPage :46 - Click on login button : [[ChromeDriver: chrome on WINDOWS (60ce92c0fea856f40e5925947ddedc8e)] -> id: login-button]
2023-05-14 21:05:303 INFO  LoginPage :53 - Get actual text : [[ChromeDriver: chrome on WINDOWS (60ce92c0fea856f40e5925947ddedc8e)] -> xpath: //span[@class='title']]
2023-05-14 21:05:618 INFO  LoginPage :34 - Enter Username : [[ChromeDriver: chrome on WINDOWS (71326aa2679cf7f5c9844454ad663d75)] -> id: user-name]
2023-05-14 21:05:756 INFO  LoginPage :40 - Enter password : [[ChromeDriver: chrome on WINDOWS (71326aa2679cf7f5c9844454ad663d75)] -> id: password]
2023-05-14 21:05:840 INFO  LoginPage :46 - Click on login button : [[ChromeDriver: chrome on WINDOWS (71326aa2679cf7f5c9844454ad663d75)] -> id: login-button]
2023-05-14 21:05:936 INFO  MainPage :22 - Number of products displayed : 
